<?xml version="1.0" encoding="UTF-8"?>
<testng-results ignored="0" total="1" passed="1" failed="0" skipped="0">
  <reporter-output>
  </reporter-output>
  <suite started-at="2026-01-11T13:30:38 IST" name="Default suite" finished-at="2026-01-11T13:31:40 IST" duration-ms="62404">
    <groups>
    </groups>
    <test started-at="2026-01-11T13:30:38 IST" name="Default test" finished-at="2026-01-11T13:31:40 IST" duration-ms="62404">
      <class name="tests.LoginTest">
        <test-method is-config="true" signature="setup()[pri:0, instance:tests.LoginTest@293a5bf6]" started-at="2026-01-11T13:30:38 IST" name="setup" finished-at="2026-01-11T13:31:18 IST" duration-ms="40122" status="PASS">
          <reporter-output>
          </reporter-output>
        </test-method> <!-- setup -->
        <test-method signature="validLoginTest()[pri:0, instance:tests.LoginTest@293a5bf6]" started-at="2026-01-11T13:31:18 IST" name="validLoginTest" finished-at="2026-01-11T13:31:38 IST" duration-ms="20317" status="PASS">
          <reporter-output>
          </reporter-output>
        </test-method> <!-- validLoginTest -->
        <test-method is-config="true" signature="tearDown()[pri:0, instance:tests.LoginTest@293a5bf6]" started-at="2026-01-11T13:31:38 IST" name="tearDown" finished-at="2026-01-11T13:31:40 IST" duration-ms="1896" status="PASS">
          <reporter-output>
          </reporter-output>
        </test-method> <!-- tearDown -->
      </class> <!-- tests.LoginTest -->
    </test> <!-- Default test -->
  </suite> <!-- Default suite -->
</testng-results>
